<?xml version="1.0" encoding="UTF-8"?>
<!-- Generated by org.testng.reporters.JUnitReportReporter -->
<testsuite hostname="hp" name="com.fabhotels.FabHotelsApp.tests.Test1" tests="4" failures="0" timestamp="14 Sep 2017 21:42:36 GMT" time="316.683" errors="0">
  <testcase name="applyCouponScenarios" time="165.472" classname="com.fabhotels.FabHotelsApp.tests.Test1"/>
  <testcase name="verifyContactNumber" time="39.907" classname="com.fabhotels.FabHotelsApp.tests.Test1"/>
  <testcase name="checkDeepLink" time="40.348" classname="com.fabhotels.FabHotelsApp.tests.Test1"/>
  <testcase name="locationAndHotelCounts" time="70.956" classname="com.fabhotels.FabHotelsApp.tests.Test1"/>
</testsuite> <!-- com.fabhotels.FabHotelsApp.tests.Test1 -->
