<?xml version="1.0" encoding="UTF-8"?>
<!-- Generated by org.testng.reporters.JUnitReportReporter -->
<testsuite hostname="hp" name="com.fabhotels.FabHotelsApp.tests.Test1" tests="1" failures="0" timestamp="14 Sep 2017 21:30:28 GMT" time="70.047" errors="0">
  <testcase name="locationAndHotelCounts" time="70.047" classname="com.fabhotels.FabHotelsApp.tests.Test1"/>
</testsuite> <!-- com.fabhotels.FabHotelsApp.tests.Test1 -->
