<?xml version="1.0" encoding="UTF-8"?>
<!-- Generated by org.testng.reporters.JUnitReportReporter -->
<testsuite hostname="hp" name="com.fabhotels.FabHotelsApp.tests.Test2" tests="1" failures="0" timestamp="14 Sep 2017 20:26:21 GMT" time="36.026" errors="0">
  <testcase name="checkDeepLink" time="36.026" classname="com.fabhotels.FabHotelsApp.tests.Test2"/>
</testsuite> <!-- com.fabhotels.FabHotelsApp.tests.Test2 -->
